C51 COMPILER V9.54   MAIN                                                                  08/24/2021 17:23:48 PAGE 1   


C51 COMPILER V9.54, COMPILATION OF MODULE MAIN
OBJECT MODULE PLACED IN .\Objects\main.obj
COMPILER INVOKED BY: D:\keil5\C51\BIN\C51.EXE main.c OPTIMIZE(8,SPEED) BROWSE DEBUG OBJECTEXTEND PRINT(.\Listings\main.l
                    -st) TABS(2) OBJECT(.\Objects\main.obj)

line level    source

   1          #include <REGX52.H>
   2          #include <string.H>
   3          #include "LCD1602.H"
   4          #include "MatrixKey.H"
   5          
   6          unsigned char KeyNum;
   7          //unsigned int i=1;啊啊啊啊啊啊，全局变量nmd，为什么液晶驱动也有变量i！！！
   8          unsigned char key_save[]="00000";//存放输入的密码
   9          unsigned char key[]="10086";//密码
  10          unsigned int symbol=1;
  11          unsigned int confirm=0;
  12          
  13          void main()
  14          {   
  15   1        unsigned int i=1;
  16   1        
  17   1        LCD_Init();
  18   1        LCD_ShowString(1,1,"Password:");
  19   1        LCD_ShowNum(2,1,0,1);//初始化密码全为零
  20   1        LCD_ShowNum(2,2,0,1);
  21   1        LCD_ShowNum(2,3,0,1);
  22   1        LCD_ShowNum(2,4,0,1);
  23   1        LCD_ShowNum(2,5,0,1);
  24   1        
  25   1        while(1)
  26   1        {
  27   2          KeyNum=Matrixkey();
  28   2          
  29   2          if (symbol)
  30   2          {
  31   3            switch(KeyNum)
  32   3            {
  33   4              case 1: {LCD_ShowNum(2,i,1,1);key_save[i-1]='1';break;}//密码输出1
  34   4              case 2: {LCD_ShowNum(2,i,2,1);key_save[i-1]='2';break;}//密码输出2
  35   4              case 3: {LCD_ShowNum(2,i,3,1);key_save[i-1]='3';break;}//密码输出3
  36   4              case 4: {i+=1;break;}//密码左移一位
  37   4              case 5: {LCD_ShowNum(2,i,4,1);key_save[i-1]='4';break;}//密码输出4
  38   4              case 6: {LCD_ShowNum(2,i,5,1);key_save[i-1]='5';break;}//密码输出5
  39   4              case 7: {LCD_ShowNum(2,i,6,1);key_save[i-1]='6';break;}//密码输出6
  40   4              case 8: {i-=1;break;}//密码右移一位
  41   4              case 9: {LCD_ShowNum(2,i,7,1);key_save[i-1]='7';break;}//密码输出7
  42   4              case 10: {LCD_ShowNum(2,i,8,1);key_save[i-1]='8';break;}//密码输出8
  43   4              case 11: {LCD_ShowNum(2,i,9,1);key_save[i-1]='9';break;}//密码输出9
  44   4              case 12: {LCD_ShowNum(2,i,0,1);key_save[i-1]='0';break;}//密码输出0
  45   4              case 16: {confirm=1;break;}//确认密码
  46   4            }
  47   3            
  48   3            if(i==6 || i==0){i=1;}//限制可输入密码长度
  49   3            
  50   3            if(confirm){if(strcmp(key,key_save)==0){symbol=0;}}
  51   3          }
  52   2          else
  53   2          { 
  54   3            LCD_Init();
C51 COMPILER V9.54   MAIN                                                                  08/24/2021 17:23:48 PAGE 2   

  55   3            while(1)
  56   3            {
  57   4              LCD_ShowString(1,1,"OK");
  58   4            }
  59   3          }
  60   2        }
  61   1      }


MODULE INFORMATION:   STATIC OVERLAYABLE
   CODE SIZE        =    510    ----
   CONSTANT SIZE    =     13    ----
   XDATA SIZE       =   ----    ----
   PDATA SIZE       =   ----    ----
   DATA SIZE        =     17       2
   IDATA SIZE       =   ----    ----
   BIT SIZE         =   ----    ----
END OF MODULE INFORMATION.


C51 COMPILATION COMPLETE.  0 WARNING(S),  0 ERROR(S)
