C51 COMPILER V9.54   DS1302                                                                12/17/2021 08:57:50 PAGE 1   


C51 COMPILER V9.54, COMPILATION OF MODULE DS1302
OBJECT MODULE PLACED IN .\Objects\DS1302.obj
COMPILER INVOKED BY: D:\keil5\C51\BIN\C51.EXE DS1302.c OPTIMIZE(8,SPEED) BROWSE DEBUG OBJECTEXTEND PRINT(.\Listings\DS13
                    -02.lst) TABS(2) OBJECT(.\Objects\DS1302.obj)

line level    source

   1          #include <REGX52.H>
   2          
   3          sbit DS1302_SCLK=P3^6;
   4          sbit DS1302_IO=P3^4;
   5          sbit DS1302_CE=P3^5;
   6          //定义写入地址
   7          #define DS1302_Seconds  0x80
   8          #define DS1302_Minutes  0x82
   9          #define DS1302_Hours    0x84
  10          #define DS1302_Dates    0x86
  11          #define DS1302_Months   0x88
  12          #define DS1302_Weeks    0x8A
  13          #define DS1302_Years    0x8C
  14          #define DS1302_WP       0x8E
  15          /*时钟芯片内部数据为BCD码。如35秒，为两个四位2进制数分别表示各位和十位0010 
             -0101，
  16          十进制转BCD，BCD=十进制/10*16+十进制%10，
  17          BCD转十进制，十进制=BCD/16*10+BCD%16，然而BCD码实际按16进制数规则既0x25=37*/
  18          char DS1302_Time[]={21,12,17,8,59,55,5};//年，月，日，时，分，秒，星期
  19          
  20          void DS1302_Init()
  21          {
  22   1        DS1302_SCLK=0;
  23   1        DS1302_CE=0;
  24   1      }
  25          
  26          void DS1302_WriteByte(unsigned char Command,Data)
  27          { 
  28   1        unsigned char i;
  29   1        DS1302_CE=1;
  30   1        for(i=0;i<8;i++)//从低到高读取
  31   1        {
  32   2          DS1302_IO=Command &(0x01<<i);//0000 0001,0000 0010
  33   2          DS1302_SCLK=1;
  34   2          DS1302_SCLK=0;
  35   2        }
  36   1        
  37   1        for(i=0;i<8;i++)//从低到高读取
  38   1        {
  39   2          DS1302_IO=Data &(0x01<<i);//0000 0001,0000 0010
  40   2          DS1302_SCLK=1;
  41   2          DS1302_SCLK=0;
  42   2        }
  43   1        DS1302_CE=0;
  44   1      }
  45          
  46          unsigned char DS1302_ReadByte(unsigned char Command)
  47          {
  48   1        unsigned char i,Data=0x00;
  49   1        Command=Command |0x01;//写入的地址改为读出地址，既最低为变为1
  50   1        DS1302_CE=1;
  51   1        for(i=0;i<8;i++)//从低到高读取
  52   1        {
  53   2          DS1302_IO=Command &(0x01<<i);//0000 0001,0000 0010
C51 COMPILER V9.54   DS1302                                                                12/17/2021 08:57:50 PAGE 2   

  54   2          DS1302_SCLK=0;
  55   2          DS1302_SCLK=1;
  56   2        }
  57   1        for(i=0;i<8;i++)
  58   1        {
  59   2          DS1302_SCLK=1;
  60   2          DS1302_SCLK=0;
  61   2          if(DS1302_IO){Data=Data|(0x01<<i);}
  62   2        }
  63   1        
  64   1        DS1302_CE=0;
  65   1        DS1302_IO=0;
  66   1        return Data;
  67   1      }
  68          //写入年月日时分秒星期
  69          void DS1302_SetTime()
  70          {
  71   1        DS1302_WriteByte(DS1302_WP,0x00);//关闭写入保护
  72   1        DS1302_WriteByte(DS1302_Years,DS1302_Time[0]/10*16+DS1302_Time[0]%10);
  73   1        DS1302_WriteByte(DS1302_Months,DS1302_Time[1]/10*16+DS1302_Time[1]%10);
  74   1        DS1302_WriteByte(DS1302_Dates,DS1302_Time[2]/10*16+DS1302_Time[2]%10);
  75   1        DS1302_WriteByte(DS1302_Hours,DS1302_Time[3]/10*16+DS1302_Time[3]%10);
  76   1        DS1302_WriteByte(DS1302_Minutes,DS1302_Time[4]/10*16+DS1302_Time[4]%10);
  77   1        DS1302_WriteByte(DS1302_Seconds,DS1302_Time[5]/10*16+DS1302_Time[5]%10);
  78   1        DS1302_WriteByte(DS1302_Weeks,DS1302_Time[6]/10*16+DS1302_Time[6]%10);
  79   1        DS1302_WriteByte(DS1302_WP,0x80);//开启写入保护
  80   1      }
  81          //获取年月日时分秒星期
  82          void DS1302_ReadTime()
  83          {
  84   1        unsigned char Time_BCD;
  85   1        Time_BCD=DS1302_ReadByte(DS1302_Years);//年
  86   1        DS1302_Time[0]=Time_BCD/16*10+Time_BCD%16;
  87   1        Time_BCD=DS1302_ReadByte(DS1302_Months);//月
  88   1        DS1302_Time[1]=Time_BCD/16*10+Time_BCD%16;
  89   1        Time_BCD=DS1302_ReadByte(DS1302_Dates);//日
  90   1        DS1302_Time[2]=Time_BCD/16*10+Time_BCD%16;
  91   1        Time_BCD=DS1302_ReadByte(DS1302_Hours);//时
  92   1        DS1302_Time[3]=Time_BCD/16*10+Time_BCD%16;
  93   1        Time_BCD=DS1302_ReadByte(DS1302_Minutes);//分
  94   1        DS1302_Time[4]=Time_BCD/16*10+Time_BCD%16;
  95   1        Time_BCD=DS1302_ReadByte(DS1302_Seconds);//秒
  96   1        DS1302_Time[5]=Time_BCD/16*10+Time_BCD%16;
  97   1        Time_BCD=DS1302_ReadByte(DS1302_Weeks);//星期
  98   1        DS1302_Time[6]=Time_BCD/16*10+Time_BCD%16;
  99   1      }


MODULE INFORMATION:   STATIC OVERLAYABLE
   CODE SIZE        =    694    ----
   CONSTANT SIZE    =   ----    ----
   XDATA SIZE       =   ----    ----
   PDATA SIZE       =   ----    ----
   DATA SIZE        =      7       2
   IDATA SIZE       =   ----    ----
   BIT SIZE         =   ----    ----
END OF MODULE INFORMATION.


C51 COMPILATION COMPLETE.  0 WARNING(S),  0 ERROR(S)
