C51 COMPILER V9.54   MAIN                                                                  12/10/2021 23:46:55 PAGE 1   


C51 COMPILER V9.54, COMPILATION OF MODULE MAIN
OBJECT MODULE PLACED IN .\Objects\main.obj
COMPILER INVOKED BY: D:\keil5\C51\BIN\C51.EXE main.c OPTIMIZE(8,SPEED) BROWSE DEBUG OBJECTEXTEND PRINT(.\Listings\main.l
                    -st) TABS(2) OBJECT(.\Objects\main.obj)

line level    source

   1          #include <REGX52.H>
   2          #include "LCD1602.H"
   3          #include "DS1302.H"
   4          #include "Key.H"
   5          #include "Timer0.H"
   6          
   7          //sbit Buzzer=P1^5;
   8          
   9          unsigned char KeyNum,TimeSetSelect,cursor,symbol;
  10          //unsigned char Timedata[]={0,0,0,0,0,0,0};
  11          
  12          void Time_Show()
  13          {
  14   1        DS1302_ReadTime();
  15   1        LCD_ShowNum(1,1,DS1302_Time[0],2);//年
  16   1        LCD_ShowNum(1,4,DS1302_Time[1],2);//月
  17   1        LCD_ShowNum(1,7,DS1302_Time[2],2);//日
  18   1        LCD_ShowNum(2,1,DS1302_Time[3],2);//时
  19   1        LCD_ShowNum(2,4,DS1302_Time[4],2);//分
  20   1        LCD_ShowNum(2,7,DS1302_Time[5],2);//秒
  21   1        LCD_ShowNum(1,10,DS1302_Time[6],1);//星期
  22   1      }
  23          
  24          void Time_Set()
  25          {
  26   1        if(KeyNum==2)//设置修改位置
  27   1        {
  28   2          TimeSetSelect++;
  29   2          TimeSetSelect%=7;//超过6自动变为0
  30   2        }
  31   1        if(KeyNum==3)//修改当前位置的时钟数据(自增)
  32   1        {
  33   2          DS1302_Time[TimeSetSelect]++;
  34   2          if(DS1302_Time[0]>99){DS1302_Time[0]=0;}
  35   2          if(DS1302_Time[1]>12){DS1302_Time[1]=1;}
  36   2          if( DS1302_Time[1]==1 || DS1302_Time[1]==3 || DS1302_Time[1]==5 || DS1302_Time[1]==7 || 
  37   2            DS1302_Time[1]==8 || DS1302_Time[1]==10 || DS1302_Time[1]==12)//日越界判断
  38   2          {if(DS1302_Time[2]>31){DS1302_Time[2]=1;}}//大月
  39   2          else if(DS1302_Time[1]==4 || DS1302_Time[1]==6 || DS1302_Time[1]==9 || DS1302_Time[1]==11)
  40   2          {if(DS1302_Time[2]>30){DS1302_Time[2]=1;}}//小月
  41   2          else if(DS1302_Time[1]==2)
  42   2          {
  43   3            if(DS1302_Time[0]%4==0)
  44   3            {if(DS1302_Time[2]>29){DS1302_Time[2]=1;}}//闰年2月
  45   3            else
  46   3            {if(DS1302_Time[2]>28){DS1302_Time[2]=1;}}//平年2月}
  47   3          }
  48   2          if(DS1302_Time[3]>23){DS1302_Time[3]=0;}
  49   2          if(DS1302_Time[4]>59){DS1302_Time[4]=0;}
  50   2          if(DS1302_Time[5]>59){DS1302_Time[5]=0;}
  51   2          if(DS1302_Time[6]>7){DS1302_Time[6]=1;}
  52   2        }
  53   1        if(KeyNum==4)//修改当前位置的时钟数据(自减)
  54   1        {
C51 COMPILER V9.54   MAIN                                                                  12/10/2021 23:46:55 PAGE 2   

  55   2          DS1302_Time[TimeSetSelect]--;
  56   2          if(DS1302_Time[0]<0){DS1302_Time[0]=99;}//年越界判断
  57   2          if(DS1302_Time[1]<1){DS1302_Time[1]=12;}//月越界判断
  58   2          if( DS1302_Time[1]==1 || DS1302_Time[1]==3 || DS1302_Time[1]==5 || DS1302_Time[1]==7 || 
  59   2            DS1302_Time[1]==8 || DS1302_Time[1]==10 || DS1302_Time[1]==12)//日越界判断
  60   2          {
  61   3            if(DS1302_Time[2]<1){DS1302_Time[2]=31;}//大月
  62   3            if(DS1302_Time[2]>31){DS1302_Time[2]=1;}
  63   3          }
  64   2          else if(DS1302_Time[1]==4 || DS1302_Time[1]==6 || DS1302_Time[1]==9 || DS1302_Time[1]==11)
  65   2          {
  66   3            if(DS1302_Time[2]<1){DS1302_Time[2]=30;}//小月
  67   3            if(DS1302_Time[2]>30){DS1302_Time[2]=1;}
  68   3          }
  69   2          else if(DS1302_Time[1]==2)
  70   2          {
  71   3            if(DS1302_Time[0]%4==0)
  72   3            {
  73   4              if(DS1302_Time[2]<1){DS1302_Time[2]=29;}//闰年2月
  74   4              if(DS1302_Time[2]>29){DS1302_Time[2]=1;}
  75   4            }
  76   3            else
  77   3            {
  78   4              if(DS1302_Time[2]<1){DS1302_Time[2]=28;}//平年2月
  79   4              if(DS1302_Time[2]>28){DS1302_Time[2]=1;}
  80   4            }
  81   3          }
  82   2          if(DS1302_Time[3]<0){DS1302_Time[3]=23;}//时越界判断
  83   2          if(DS1302_Time[4]<0){DS1302_Time[4]=59;}//分越界判断
  84   2          if(DS1302_Time[5]<0){DS1302_Time[5]=59;}//秒越界判断
  85   2          if(DS1302_Time[6]<1){DS1302_Time[6]=7;}
  86   2        }
  87   1        if(cursor==1 && TimeSetSelect==0){LCD_ShowString(1,1," _");}
  88   1        else{LCD_ShowNum(1,1,DS1302_Time[0],2);}
  89   1        if(cursor==1 && TimeSetSelect==1){LCD_ShowString(1,4," _");}
  90   1        else{LCD_ShowNum(1,4,DS1302_Time[1],2);}
  91   1        if(cursor==1 && TimeSetSelect==2){LCD_ShowString(1,7," _");}
  92   1        else{LCD_ShowNum(1,7,DS1302_Time[2],2);}
  93   1        if(cursor==1 && TimeSetSelect==3){LCD_ShowString(2,1," _");}
  94   1        else{LCD_ShowNum(2,1,DS1302_Time[3],2);}
  95   1        if(cursor==1 && TimeSetSelect==4){LCD_ShowString(2,4," _");}
  96   1        else{LCD_ShowNum(2,4,DS1302_Time[4],2);}
  97   1        if(cursor==1 && TimeSetSelect==5){LCD_ShowString(2,7," _");}
  98   1        else{LCD_ShowNum(2,7,DS1302_Time[5],2);}
  99   1        if(cursor==1 && TimeSetSelect==6){LCD_ShowString(1,10,"_");}
 100   1        else{LCD_ShowNum(1,10,DS1302_Time[6],1);}
 101   1      }
 102          
 103          void main()
 104          {
 105   1        unsigned char Mode;
 106   1        LCD_Init();//LCD初始化
 107   1        DS1302_Init();//时钟芯片初始化 
 108   1        Timer0_Init();//定时器初始化
 109   1      //  Timer1_Init();
 110   1        DS1302_SetTime();//写入初始时间
 111   1        LCD_ShowString(1,1,"  -  -  - ");
 112   1        LCD_ShowString(2,1,"  :  :  ");
 113   1        while(1)
 114   1        {
 115   2          KeyNum=Key();//按键扫描
 116   2          if(KeyNum==1)//开启时钟编辑模式
C51 COMPILER V9.54   MAIN                                                                  12/10/2021 23:46:55 PAGE 3   

 117   2          {
 118   3            Mode++;
 119   3      //      if(Mode==0){Mode=1;}
 120   3      //      else if(Mode==1){Mode=0;DS1302_SetTime();}//将数据写入时钟芯片内部
 121   3            if (Mode==2){Mode=0;DS1302_SetTime();}
 122   3          }
 123   2          switch(Mode)
 124   2          {
 125   3            case 0: Time_Show();break;//显示芯片数据
 126   3            case 1: Time_Set();break;//按键修改时钟数据
 127   3      //      case 2: 
 128   3            //case 2:
 129   3          }
 130   2          if(DS1302_Time[4]==0 && DS1302_Time[5]==0)//整点报时
 131   2          {
 132   3      //      TR1=1;
 133   3            symbol=8;
 134   3          }
 135   2        }
 136   1      }
 137          
 138          void Timer0_Routine() interrupt 1
 139          { 
 140   1        static unsigned int Count=0;//设置静态局部变量
 141   1        TH0=0xFC;
 142   1        TL0=0x66;
 143   1        Count++;
 144   1        if(Count==500)//500ms定时
 145   1        {
 146   2          Count=0;
 147   2          cursor=!cursor;
 148   2          if(symbol)
 149   2          {
 150   3            P2_0=!P2_0;
 151   3            symbol--;
 152   3          }
 153   2        }
 154   1      }
 155          
 156          //void Timer1_Routine() interrupt 3
 157          //{ 
 158          //  unsigned int Time;
 159          //  TH1=0xFF;//(65535-1000*11.0592/12)/256,设置定时器高8位
 160          //  TL1=0xF7; 
 161          //  Time++;
 162          //  Buzzer=!Buzzer;
 163          //  if(Time==10000){Time=0;TR1=0;}
 164          //}
 165          


MODULE INFORMATION:   STATIC OVERLAYABLE
   CODE SIZE        =   1061    ----
   CONSTANT SIZE    =     25    ----
   XDATA SIZE       =   ----    ----
   PDATA SIZE       =   ----    ----
   DATA SIZE        =      6       1
   IDATA SIZE       =   ----    ----
   BIT SIZE         =   ----    ----
END OF MODULE INFORMATION.


C51 COMPILATION COMPLETE.  0 WARNING(S),  0 ERROR(S)
