C51 COMPILER V9.54   I2C                                                                   09/29/2021 23:11:39 PAGE 1   


C51 COMPILER V9.54, COMPILATION OF MODULE I2C
OBJECT MODULE PLACED IN .\Objects\I2c.obj
COMPILER INVOKED BY: D:\keil5\C51\BIN\C51.EXE I2c.c OPTIMIZE(8,SPEED) BROWSE DEBUG OBJECTEXTEND PRINT(.\Listings\I2c.lst
                    -) TABS(2) OBJECT(.\Objects\I2c.obj)

line level    source

   1          #include <REGX52.H>
   2          
   3          sbit I2c_Scl=P1^0;//时钟线
   4          sbit I2c_Sda=P1^1;//数据线
   5          
   6          void I2c_Start()//开始条件
   7          {
   8   1        I2c_Sda=1;
   9   1        I2c_Scl=1;
  10   1        I2c_Sda=0;
  11   1        I2c_Scl=0;
  12   1      }
  13          
  14          void I2c_Stop()//停止条件
  15          {
  16   1        I2c_Sda=0;
  17   1        I2c_Scl=1;
  18   1        I2c_Sda=1;
  19   1      }
  20          
  21          void I2c_SendByte(unsigned char Byte)//发送字节
  22          {
  23   1      //  unsigned char i;
  24   1      //  for(i=0;i<8;i++)
  25   1      //  {
  26   1      //    I2c_Sda=Byte&(0x80>>i);
  27   1      //    I2c_Scl=1;
  28   1      //    I2c_Scl=0;
  29   1      //  }
  30   1        unsigned char i;
  31   1        unsigned char m, da;
  32   1        da=Byte;
  33   1        I2c_Scl=0;
  34   1        for(i=0;i<8;i++)
  35   1        {
  36   2          m=da;
  37   2          m=m&0x80;
  38   2          if(m==0x80)
  39   2          {
  40   3            I2c_Sda=1;
  41   3          }
  42   2          else I2c_Sda=0;
  43   2          da=da<< 1;
  44   2          I2c_Scl=1;
  45   2          I2c_Scl=0;
  46   2        }
  47   1      }
  48          
  49          //unsigned I2c_ReceiveByte()//接受字节
  50          //{
  51          //  unsigned char i,Byte=0x00;
  52          //  I2c_Sda=1;
  53          //  for(i=0;i<8;i++)
  54          //  {
C51 COMPILER V9.54   I2C                                                                   09/29/2021 23:11:39 PAGE 2   

  55          //    I2c_Scl=1;
  56          //    if(I2c_Sda){Byte|=(0x80>>i);}
  57          //    I2c_Scl=0;
  58          //  }
  59          //  return Byte;
  60          //}
  61          
  62          //void I2c_SendAck(unsigned char AckBit)//主机发送应答
  63          //{
  64          //  I2c_Sda=AckBit;
  65          //  I2c_Scl=1;
  66          //  I2c_Scl=0;
  67          //}
  68          
  69          void I2c_ReceiveAck(void)//从机接收应答
  70          {
  71   1      //  unsigned char AckBit;
  72   1      //  I2c_Sda=1;
  73   1      //  I2c_Scl=1;
  74   1      //  AckBit=I2c_Sda;
  75   1      //  I2c_Scl=0;
  76   1      //  return AckBit;
  77   1        I2c_Scl=1;
  78   1        I2c_Scl=0;
  79   1      }


MODULE INFORMATION:   STATIC OVERLAYABLE
   CODE SIZE        =     52    ----
   CONSTANT SIZE    =   ----    ----
   XDATA SIZE       =   ----    ----
   PDATA SIZE       =   ----    ----
   DATA SIZE        =   ----    ----
   IDATA SIZE       =   ----    ----
   BIT SIZE         =   ----    ----
END OF MODULE INFORMATION.


C51 COMPILATION COMPLETE.  0 WARNING(S),  0 ERROR(S)
