C51 COMPILER V9.54   MAIN                                                                  10/08/2021 20:55:20 PAGE 1   


C51 COMPILER V9.54, COMPILATION OF MODULE MAIN
OBJECT MODULE PLACED IN .\Objects\main.obj
COMPILER INVOKED BY: D:\keil5\C51\BIN\C51.EXE main.c OPTIMIZE(8,SPEED) BROWSE DEBUG OBJECTEXTEND PRINT(.\Listings\main.l
                    -st) TABS(2) OBJECT(.\Objects\main.obj)

line level    source

   1          #include <REGX52.H>
   2          #include "OLED.H"
   3          
   4          unsigned p=0;
   5          
   6          void main()
   7          {
   8   1        OLED_Init();//1306初始化
   9   1        OLED_Clear();//清屏幕
  10   1        OLED_ShowChar(0,0,'b',1);
  11   1        OLED_ShowChar(0,8,'i',1);
  12   1        OLED_ShowChar(0,16,'l',1);
  13   1        OLED_ShowChar(0,24,'i',1);
  14   1        OLED_ShowChar(0,32,'b',1);
  15   1        OLED_ShowChar(0,40,'i',1);
  16   1        OLED_ShowChar(0,48,'l',1);
  17   1        OLED_ShowChar(0,56,'i',1);  
  18   1      //  Write_IIC_Command(0x2E); //关闭滚动
  19   1      //  Write_IIC_Command(0x26); //水平向左或者右滚动 26/27
  20   1      //  Write_IIC_Command(0x00); //A 虚拟字节
  21   1      //  Write_IIC_Command(0x00); //B 起始页 0
  22   1      //  Write_IIC_Command(0x07); //C 滚动时间间隔
  23   1      //  Write_IIC_Command(0x07); //D 终止页 1
  24   1      //  Write_IIC_Command(0x00); //虚拟字节
  25   1      //  Write_IIC_Command(0xFF); //虚拟字节
  26   1      //  Write_IIC_Command(0x2F); //开启滚动
  27   1        while(1)
  28   1        {
  29   2          OLED_ShowNum(4,40,p,8,1,1);
  30   2          p++;
  31   2        }
  32   1      }


MODULE INFORMATION:   STATIC OVERLAYABLE
   CODE SIZE        =    138    ----
   CONSTANT SIZE    =   ----    ----
   XDATA SIZE       =   ----    ----
   PDATA SIZE       =   ----    ----
   DATA SIZE        =      2    ----
   IDATA SIZE       =   ----    ----
   BIT SIZE         =   ----    ----
END OF MODULE INFORMATION.


C51 COMPILATION COMPLETE.  0 WARNING(S),  0 ERROR(S)
