C51 COMPILER V9.54   MAIN                                                                  08/27/2021 23:27:08 PAGE 1   


C51 COMPILER V9.54, COMPILATION OF MODULE MAIN
OBJECT MODULE PLACED IN .\Objects\main.obj
COMPILER INVOKED BY: D:\keil5\C51\BIN\C51.EXE main.c OPTIMIZE(8,SPEED) BROWSE DEBUG OBJECTEXTEND PRINT(.\Listings\main.l
                    -st) TABS(2) OBJECT(.\Objects\main.obj)

line level    source

   1          #include <REGX52.H>
   2          #include "Matrix_Led.H"
   3          
   4          unsigned char code List[]=
   5          {0x00,0x00,0x00,0x00,0x00,0x00,0x00,0x00,
   6           0xC0,0x3C,0x03,0x3C,0x3C,0x03,0x3C,0xC0,
   7           0x00,0xFF,0x81,0x81,0x42,0x3C,0x00,0xFF,
   8           0x80,0x60,0x1E,0x01,0xFF,0x00,0xFF,0xC0,
   9           0x30,0x0C,0x02,0x0C,0x30,0xC0,0xFF,0x00,
  10           0xFF,0x81,0x81,0x42,0x3C,0x00,0x00,0x00,
  11           0x00,0x00,0x00,0x00,0x00,0x00,0x00,0x00,};//将数据储存在闪存内
  12          
  13          void main()
  14          { 
  15   1        unsigned char i=0,offset=0,count=0;
  16   1        MatrixLED_Init();
  17   1        while(1)
  18   1        {
  19   2          for(i=0;i<8;i++)
  20   2          {
  21   3            MatrixLED_ShowColum(i,List[i+offset]);
  22   3          }
  23   2          count++;
  24   2          if(count==50)
  25   2          {
  26   3            count=0;
  27   3            offset++;
  28   3            if(offset==48){offset=0;}
  29   3          }
  30   2        }
  31   1      }


MODULE INFORMATION:   STATIC OVERLAYABLE
   CODE SIZE        =     60    ----
   CONSTANT SIZE    =     56    ----
   XDATA SIZE       =   ----    ----
   PDATA SIZE       =   ----    ----
   DATA SIZE        =   ----       3
   IDATA SIZE       =   ----    ----
   BIT SIZE         =   ----    ----
END OF MODULE INFORMATION.


C51 COMPILATION COMPLETE.  0 WARNING(S),  0 ERROR(S)
