C51 COMPILER V9.54   MATRIX_LED                                                            08/27/2021 22:10:29 PAGE 1   


C51 COMPILER V9.54, COMPILATION OF MODULE MATRIX_LED
OBJECT MODULE PLACED IN .\Objects\Matrix_Led.obj
COMPILER INVOKED BY: D:\keil5\C51\BIN\C51.EXE Matrix_Led.c OPTIMIZE(8,SPEED) BROWSE DEBUG OBJECTEXTEND PRINT(.\Listings\
                    -Matrix_Led.lst) TABS(2) OBJECT(.\Objects\Matrix_Led.obj)

line level    source

   1          #include <REGX52.H>
   2          /*给新的变量赋值，并未改变任何寄存器地址，只是增加可读性
   3          sbit位将寄存器地址赋给变量*/
   4          sbit rclk=P3^5;//输出锁存时钟线，下降沿有效
   5          sbit srclk=P3^6;//数据输入时钟，上升沿有效
   6          sbit ser=P3^4;
   7          
   8          void _74HC595_WriteByte(unsigned char Byte)
   9          {
  10   1        unsigned char i;
  11   1        for(i=0;i<8;i++)
  12   1        {
  13   2          ser=Byte &(0x80>>i);
  14   2          srclk=1;
  15   2          srclk=0;
  16   2        }
  17   1        rclk=1;
  18   1        rclk=0;
  19   1      }
  20          //该led矩阵屏为共阳极，按列扫描
  21          void MatrixLED_ShowColum(unsigned char Column,Data)
  22          {
  23   1        _74HC595_WriteByte(Data);
  24   1        P0=~(0x80>>Column);
  25   1        P0=0xFF;//消影
  26   1      }
  27          //初始化
  28          void MatrixLED_Init()
  29          {
  30   1        srclk=0;
  31   1        rclk=0;
  32   1      }


MODULE INFORMATION:   STATIC OVERLAYABLE
   CODE SIZE        =     77    ----
   CONSTANT SIZE    =   ----    ----
   XDATA SIZE       =   ----    ----
   PDATA SIZE       =   ----    ----
   DATA SIZE        =   ----    ----
   IDATA SIZE       =   ----    ----
   BIT SIZE         =   ----    ----
END OF MODULE INFORMATION.


C51 COMPILATION COMPLETE.  0 WARNING(S),  0 ERROR(S)
