C51 COMPILER V9.54   MAIN                                                                  09/09/2021 09:05:26 PAGE 1   


C51 COMPILER V9.54, COMPILATION OF MODULE MAIN
OBJECT MODULE PLACED IN .\Objects\main.obj
COMPILER INVOKED BY: D:\keil5\C51\BIN\C51.EXE main.c OPTIMIZE(8,SPEED) BROWSE DEBUG OBJECTEXTEND PRINT(.\Listings\main.l
                    -st) TABS(2) OBJECT(.\Objects\main.obj)

line level    source

   1          #include <REGX52.H>
   2          #include "Timer0.H"
   3          #include <INTRINS.H>
   4          #include "Key.H"
   5          
   6          unsigned char KeyNum,LedMode;
   7          
   8          void main()
   9          {
  10   1        P2=0xFE;
  11   1        Timer0_Init();
  12   1        while(1)
  13   1        {
  14   2          KeyNum=Key();
  15   2          if(KeyNum)
  16   2          {
  17   3            if(KeyNum==1)
  18   3            {
  19   4              LedMode++;
  20   4              if(LedMode==2)LedMode=0;
  21   4            }
  22   3          }
  23   2        }
  24   1      }
  25          
  26          void Timer0_Routine() interrupt 1
  27          { 
  28   1        static unsigned int Count=0;//设置静态局部变量
  29   1        TH0=0xFC;
  30   1        TL0=0x66;
  31   1        Count++;
  32   1        if(Count==500)
  33   1        {
  34   2          Count=0;
  35   2          if(LedMode==0)P2=_crol_(P2,1);
  36   2          if(LedMode==1)P2=_cror_(P2,1);
  37   2        }
  38   1      }


MODULE INFORMATION:   STATIC OVERLAYABLE
   CODE SIZE        =    113    ----
   CONSTANT SIZE    =   ----    ----
   XDATA SIZE       =   ----    ----
   PDATA SIZE       =   ----    ----
   DATA SIZE        =      4    ----
   IDATA SIZE       =   ----    ----
   BIT SIZE         =   ----    ----
END OF MODULE INFORMATION.


C51 COMPILATION COMPLETE.  0 WARNING(S),  0 ERROR(S)
