C51 COMPILER V9.54   UART                                                                  08/26/2021 22:48:42 PAGE 1   


C51 COMPILER V9.54, COMPILATION OF MODULE UART
OBJECT MODULE PLACED IN .\Objects\UART.obj
COMPILER INVOKED BY: D:\keil5\C51\BIN\C51.EXE UART.c OPTIMIZE(8,SPEED) BROWSE DEBUG OBJECTEXTEND PRINT(.\Listings\UART.l
                    -st) TABS(2) OBJECT(.\Objects\UART.obj)

line level    source

   1          #include <REGX52.H>
   2          //串口初始化
   3          void UART_Init()//9600波特，11.0592MHZ
   4          {
   5   1        SCON =0x50;//串行控制寄存器0100 0000,设置串口工作方式为8位UART，波特率可变
   6   1        PCON &=0x7F;//电源寄存器,波特率不倍速
   7   1        TMOD &=0x0F;//该型号串口只适配定时器Timer1
   8   1        TMOD |=0x20;//设定计时器模式为双8位自动重装模式
   9   1        TL1 = 0xFD;   //设置定时初始值
  10   1        TH1 = 0xFD;   //设置定时重载值
  11   1        ET1 = 0;    //禁止定时器%d中断
  12   1        TR1 = 1;    //定时器1开始计时
  13   1        EA = 1;
  14   1        ES = 1;
  15   1      }
  16          //向电脑发送一个字节数据
  17          void UART_SendByte(unsigned char Byte)
  18          {
  19   1        SBUF=Byte;
  20   1        while(TI==0);
  21   1        TI=0;
  22   1      }
  23          /*串口中断模板,电脑向单片机发送数据
  24          void UART_Routine() interrupt 4 //中断号位4
  25          {
  26            if (RI==1)
  27            {
  28          
  29              RI=0;
  30            }
  31          }
  32          */


MODULE INFORMATION:   STATIC OVERLAYABLE
   CODE SIZE        =     35    ----
   CONSTANT SIZE    =   ----    ----
   XDATA SIZE       =   ----    ----
   PDATA SIZE       =   ----    ----
   DATA SIZE        =   ----    ----
   IDATA SIZE       =   ----    ----
   BIT SIZE         =   ----    ----
END OF MODULE INFORMATION.


C51 COMPILATION COMPLETE.  0 WARNING(S),  0 ERROR(S)
