C51 COMPILER V9.54   MAIN                                                                  09/11/2021 15:04:22 PAGE 1   


C51 COMPILER V9.54, COMPILATION OF MODULE MAIN
OBJECT MODULE PLACED IN .\Objects\main.obj
COMPILER INVOKED BY: D:\keil5\C51\BIN\C51.EXE main.c OPTIMIZE(8,SPEED) BROWSE DEBUG OBJECTEXTEND PRINT(.\Listings\main.l
                    -st) TABS(2) OBJECT(.\Objects\main.obj)

line level    source

   1          #include <REGX52.H>
   2          #include "LCD1602.H"
   3          #include "Timer0.H"
   4          #include "Ultrasonic.H"
   5          
   6          void main()
   7          {
   8   1        Timer0_Init();
   9   1        LCD_Init();
  10   1        while(1)
  11   1        {
  12   2          Transmit();//发送
  13   2          while(P1_0==0);
  14   2          TR0=1;//打开定时器1
  15   2          while(P1_0==1);
  16   2          TR0=0;//关闭定时器1  
  17   2          Calc();//计算
  18   2        }
  19   1      }
  20          
  21          //void Timer0_Routine() interrupt 1
  22          //{ 
  23          //  TH0=0x28;//60毫秒发一次超声波
  24          //  TL0=0x00;
  25          //}


MODULE INFORMATION:   STATIC OVERLAYABLE
   CODE SIZE        =     24    ----
   CONSTANT SIZE    =   ----    ----
   XDATA SIZE       =   ----    ----
   PDATA SIZE       =   ----    ----
   DATA SIZE        =   ----    ----
   IDATA SIZE       =   ----    ----
   BIT SIZE         =   ----    ----
END OF MODULE INFORMATION.


C51 COMPILATION COMPLETE.  0 WARNING(S),  0 ERROR(S)
