C51 COMPILER V9.54   DS18B20                                                               09/03/2021 23:10:33 PAGE 1   


C51 COMPILER V9.54, COMPILATION OF MODULE DS18B20
OBJECT MODULE PLACED IN .\Objects\DS18B20.obj
COMPILER INVOKED BY: D:\keil5\C51\BIN\C51.EXE DS18B20.c OPTIMIZE(8,SPEED) BROWSE DEBUG OBJECTEXTEND PRINT(.\Listings\DS1
                    -8B20.lst) TABS(2) OBJECT(.\Objects\DS18B20.obj)

line level    source

   1          #include <REGX52.H>
   2          #include "One_Wire.h"
   3          
   4          //DS18B20指令
   5          #define DS18B20_SKIP_ROM      0xCC
   6          #define DS18B20_CONVERT_T     0x44
   7          #define DS18B20_READ_SCRATCHPAD   0xBE
   8          //DS18B20开始温度变换
   9          void DS18B20_ConvertT(void)
  10          {
  11   1        OneWire_Init();
  12   1        OneWire_SendByte(DS18B20_SKIP_ROM);
  13   1        OneWire_SendByte(DS18B20_CONVERT_T);
  14   1      }
  15          //DS18B20读取温度,返回温度数值
  16          float DS18B20_ReadT(void)
  17          {
  18   1        unsigned char TLSB,TMSB;
  19   1        int Temp;
  20   1        float T;
  21   1        OneWire_Init();
  22   1        OneWire_SendByte(DS18B20_SKIP_ROM);
  23   1        OneWire_SendByte(DS18B20_READ_SCRATCHPAD);
  24   1        TLSB=OneWire_ReceiveByte();
  25   1        TMSB=OneWire_ReceiveByte();
  26   1        Temp=(TMSB<<8)|TLSB;
  27   1        T=Temp/16.0;
  28   1        return T;
  29   1      }


MODULE INFORMATION:   STATIC OVERLAYABLE
   CODE SIZE        =     57    ----
   CONSTANT SIZE    =   ----    ----
   XDATA SIZE       =   ----    ----
   PDATA SIZE       =   ----    ----
   DATA SIZE        =   ----       1
   IDATA SIZE       =   ----    ----
   BIT SIZE         =   ----    ----
END OF MODULE INFORMATION.


C51 COMPILATION COMPLETE.  0 WARNING(S),  0 ERROR(S)
