C51 COMPILER V9.54   MAIN                                                                  12/10/2021 15:24:16 PAGE 1   


C51 COMPILER V9.54, COMPILATION OF MODULE MAIN
OBJECT MODULE PLACED IN .\Objects\main.obj
COMPILER INVOKED BY: D:\keil5\C51\BIN\C51.EXE main.c OPTIMIZE(8,SPEED) BROWSE DEBUG OBJECTEXTEND PRINT(.\Listings\main.l
                    -st) TABS(2) OBJECT(.\Objects\main.obj)

line level    source

   1          #include <REGX52.H>
   2          //#include "Buzzer_time.H"
   3          #include "Key.H"
   4          #include "Timer0.H"
   5          #include "Delay1ms.H"
   6          
   7          #define Speed 500
   8          
   9          sbit Buzzer=P1^5;
  10          unsigned char KeyNum;
  11          unsigned char Select,Count;
  12          unsigned char Music[]={
  13          12,4,
  14          12,4,
  15          19,4,
  16          19,4,
  17          21,4,
  18          21,4,
  19          19,8,
  20          17,4,
  21          17,4,
  22          16,4,
  23          16,4,
  24          14,4,
  25          14,4,
  26          12,8,
  27          0xFF
  28          };
  29          unsigned int Reload[]={
  30          63777,63872,63969,64054,64140,64216,64291,64360,64426,64489,64547,64607,
  31          64655,64704,64751,64795,64837,64867,64913,64948,64981,65012,65042,65070,
  32          65095,65120,65144,65166,65186,65206,65225,65242,65259,65274,65289,65303
  33          };
  34          
  35          
  36          void main()
  37          {
  38   1        Timer0_Init();
  39   1        while(1)
  40   1        {
  41   2          if(Music[Count]!=0xFF)
  42   2          {
  43   3            Select=Music[Count++];
  44   3            Delay1ms(Speed/4*Music[Count++]);
  45   3            TR0=0;//关闭计时器
  46   3            Delay1ms(5);
  47   3            TR0=1;//开启计时器
  48   3          }
  49   2          else{TR0=0;while(1);}
  50   2        }
  51   1      }
  52          
  53          void Timer0_Routine() interrupt 1
  54          { 
C51 COMPILER V9.54   MAIN                                                                  12/10/2021 15:24:16 PAGE 2   

  55   1        TH0=Reload[Select]/256;//设定定时初值
  56   1        TL0=Reload[Select]%256;//设定定时初值
  57   1        Buzzer=!Buzzer;
  58   1      }


MODULE INFORMATION:   STATIC OVERLAYABLE
   CODE SIZE        =    108    ----
   CONSTANT SIZE    =   ----    ----
   XDATA SIZE       =   ----    ----
   PDATA SIZE       =   ----    ----
   DATA SIZE        =    104    ----
   IDATA SIZE       =   ----    ----
   BIT SIZE         =   ----    ----
END OF MODULE INFORMATION.


C51 COMPILATION COMPLETE.  0 WARNING(S),  0 ERROR(S)
