C51 COMPILER V9.54   MAIN                                                                  09/19/2021 19:46:53 PAGE 1   


C51 COMPILER V9.54, COMPILATION OF MODULE MAIN
OBJECT MODULE PLACED IN .\Objects\main.obj
COMPILER INVOKED BY: D:\keil5\C51\BIN\C51.EXE main.c OPTIMIZE(8,SPEED) BROWSE DEBUG OBJECTEXTEND PRINT(.\Listings\main.l
                    -st) TABS(2) OBJECT(.\Objects\main.obj)

line level    source

   1          #include <REGX52.H>
   2          #include "Key.H"
   3          #include "Nixie_tube.H"
   4          #include "Timer0.H"
   5          
   6          sbit Motor=P1^0;
   7          
   8          unsigned char Count,Compare;
   9          unsigned char KeyNum,Speed;
  10          
  11          void main()
  12          {
  13   1        Timer0_Iint();
  14   1        while(1)
  15   1        {
  16   2          KeyNum=Key();
  17   2          if(KeyNum==1)
  18   2          {
  19   3            Speed++;
  20   3            Speed%=4;
  21   3            if(Speed==0){Compare=0;}
  22   3            if(Speed==1){Compare=50;}
  23   3            if(Speed==2){Compare=75;}
  24   3            if(Speed==3){Compare=100;}
  25   3          }
  26   2          Nixie_tube(1,Speed);
  27   2        }
  28   1      }
  29          
  30          void Timer0_Routine() interrupt 1//100us
  31          { 
  32   1        TH0=0xFF;
  33   1        TL0=0xA4;
  34   1        Count++;
  35   1        Count%=100;
  36   1        if(Count<Compare)
  37   1        {Motor=1;}
  38   1        else
  39   1        {Motor=0;}
  40   1      }


MODULE INFORMATION:   STATIC OVERLAYABLE
   CODE SIZE        =    106    ----
   CONSTANT SIZE    =   ----    ----
   XDATA SIZE       =   ----    ----
   PDATA SIZE       =   ----    ----
   DATA SIZE        =      4    ----
   IDATA SIZE       =   ----    ----
   BIT SIZE         =   ----    ----
END OF MODULE INFORMATION.


C51 COMPILATION COMPLETE.  0 WARNING(S),  0 ERROR(S)
