C51 COMPILER V9.54   NIXIE_TUBE                                                            09/05/2021 00:01:53 PAGE 1   


C51 COMPILER V9.54, COMPILATION OF MODULE NIXIE_TUBE
OBJECT MODULE PLACED IN .\Objects\Nixie_tube.obj
COMPILER INVOKED BY: D:\keil5\C51\BIN\C51.EXE Nixie_tube.c OPTIMIZE(8,SPEED) BROWSE DEBUG OBJECTEXTEND PRINT(.\Listings\
                    -Nixie_tube.lst) TABS(2) OBJECT(.\Objects\Nixie_tube.obj)

line level    source

   1          #include <REGX52.H>
   2          
   3          int Number[]={0x3F,0x06,0x5B,0x4F,0x66,0x6D,0x7D,0x07,0x7F,0x6F};
   4          //0,1,2,3,4,5,6,7,8,9
   5          void Nixie_tube(int led,number)
   6          {
   7   1        switch(led)
   8   1        {
   9   2          case 1:P2_4=1;P2_3=1;P2_2=1;break;//LED1
  10   2          case 2:P2_4=1;P2_3=1;P2_2=0;break;//LED2
  11   2          case 3:P2_4=1;P2_3=0;P2_2=1;break;//LED3
  12   2          case 4:P2_4=1;P2_3=0;P2_2=0;break;//LED4
  13   2          case 5:P2_4=0;P2_3=1;P2_2=1;break;//LED5
  14   2          case 6:P2_4=0;P2_3=1;P2_2=0;break;//LED6
  15   2          case 7:P2_4=0;P2_3=0;P2_2=1;break;//LED7
  16   2          case 8:P2_4=0;P2_3=0;P2_2=0;break;//LED8
  17   2        }
  18   1        P0=Number[number];
  19   1        P0=0x00;  
  20   1      }


MODULE INFORMATION:   STATIC OVERLAYABLE
   CODE SIZE        =    108    ----
   CONSTANT SIZE    =   ----    ----
   XDATA SIZE       =   ----    ----
   PDATA SIZE       =   ----    ----
   DATA SIZE        =     20    ----
   IDATA SIZE       =   ----    ----
   BIT SIZE         =   ----    ----
END OF MODULE INFORMATION.


C51 COMPILATION COMPLETE.  0 WARNING(S),  0 ERROR(S)
