C51 COMPILER V9.54   AT24C02                                                               08/31/2021 21:29:34 PAGE 1   


C51 COMPILER V9.54, COMPILATION OF MODULE AT24C02
OBJECT MODULE PLACED IN .\Objects\AT24C02.obj
COMPILER INVOKED BY: D:\keil5\C51\BIN\C51.EXE AT24C02.c OPTIMIZE(8,SPEED) BROWSE DEBUG OBJECTEXTEND PRINT(.\Listings\AT2
                    -4C02.lst) TABS(2) OBJECT(.\Objects\AT24C02.obj)

line level    source

   1          #include <REGX52.H>
   2          #include "I2c.H"
   3          
   4          #define AT24C02_ADDRESS   0xA0
   5          
   6          void AT24C02_WriteByte(unsigned char WordAddress,Data)//写入数据
   7          {
   8   1        I2c_Start();
   9   1        I2c_SendByte(AT24C02_ADDRESS);
  10   1        I2c_ReceiveAck();
  11   1        I2c_SendByte(WordAddress);
  12   1        I2c_ReceiveAck();
  13   1        I2c_SendByte(Data);
  14   1        I2c_ReceiveAck();
  15   1        I2c_Stop();
  16   1      }
  17          
  18          unsigned char AT24C02_ReadByte(unsigned char WordAddress)//读取数据
  19          {
  20   1        unsigned char Data;
  21   1        I2c_Start();
  22   1        I2c_SendByte(AT24C02_ADDRESS);
  23   1        I2c_ReceiveAck();
  24   1        I2c_SendByte(WordAddress);
  25   1        I2c_ReceiveAck();
  26   1        I2c_Start();
  27   1        I2c_SendByte(AT24C02_ADDRESS|0x01);
  28   1        I2c_ReceiveAck();
  29   1        Data=I2c_ReceiveByte();
  30   1        I2c_SendAck(1);
  31   1        I2c_Stop();
  32   1        return Data;
  33   1      }


MODULE INFORMATION:   STATIC OVERLAYABLE
   CODE SIZE        =     84    ----
   CONSTANT SIZE    =   ----    ----
   XDATA SIZE       =   ----    ----
   PDATA SIZE       =   ----    ----
   DATA SIZE        =   ----       5
   IDATA SIZE       =   ----    ----
   BIT SIZE         =   ----    ----
END OF MODULE INFORMATION.


C51 COMPILATION COMPLETE.  0 WARNING(S),  0 ERROR(S)
