C51 COMPILER V9.54   I2C                                                                   08/31/2021 21:47:09 PAGE 1   


C51 COMPILER V9.54, COMPILATION OF MODULE I2C
OBJECT MODULE PLACED IN .\Objects\I2c.obj
COMPILER INVOKED BY: D:\keil5\C51\BIN\C51.EXE I2c.c OPTIMIZE(8,SPEED) BROWSE DEBUG OBJECTEXTEND PRINT(.\Listings\I2c.lst
                    -) TABS(2) OBJECT(.\Objects\I2c.obj)

line level    source

   1          #include <REGX52.H>
   2          
   3          sbit I2c_Scl=P2^1;//时钟线
   4          sbit I2c_Sda=P2^0;//数据线
   5          
   6          void I2c_Start()//开始条件
   7          {
   8   1        I2c_Sda=1;
   9   1        I2c_Scl=1;
  10   1        I2c_Sda=0;
  11   1        I2c_Scl=0;
  12   1      }
  13          
  14          void I2c_Stop()//停止条件
  15          {
  16   1        I2c_Sda=0;
  17   1        I2c_Scl=1;
  18   1        I2c_Sda=1;
  19   1      }
  20          
  21          void I2c_SendByte(unsigned char Byte)//发送字节
  22          {
  23   1        unsigned char i;
  24   1        for(i=0;i<8;i++)
  25   1        {
  26   2          I2c_Sda=Byte&(0x80>>i);
  27   2          I2c_Scl=1;
  28   2          I2c_Scl=0;
  29   2        }
  30   1      }
  31          
  32          unsigned I2c_ReceiveByte()//接受字节
  33          {
  34   1        unsigned char i,Byte=0x00;
  35   1        I2c_Sda=1;
  36   1        for(i=0;i<8;i++)
  37   1        {
  38   2          I2c_Scl=1;
  39   2          if(I2c_Sda){Byte|=(0x80>>i);}
  40   2          I2c_Scl=0;
  41   2        }
  42   1        return Byte;
  43   1      }
  44          
  45          void I2C_SendAck(unsigned char AckBit)//发送应答
  46          {
  47   1        I2c_Sda=AckBit;
  48   1        I2c_Scl=1;
  49   1        I2c_Scl=0;
  50   1      }
  51          
  52          unsigned char I2C_ReceiveAck(void)//接收应答
  53          {
  54   1        unsigned char AckBit;
C51 COMPILER V9.54   I2C                                                                   08/31/2021 21:47:09 PAGE 2   

  55   1        I2c_Sda=1;
  56   1        I2c_Scl=1;
  57   1        AckBit=I2c_Sda;
  58   1        I2c_Scl=0;
  59   1        return AckBit;
  60   1      }


MODULE INFORMATION:   STATIC OVERLAYABLE
   CODE SIZE        =    111    ----
   CONSTANT SIZE    =   ----    ----
   XDATA SIZE       =   ----    ----
   PDATA SIZE       =   ----    ----
   DATA SIZE        =   ----    ----
   IDATA SIZE       =   ----    ----
   BIT SIZE         =   ----    ----
END OF MODULE INFORMATION.


C51 COMPILATION COMPLETE.  0 WARNING(S),  0 ERROR(S)
