C51 COMPILER V9.54   MAIN                                                                  08/31/2021 23:02:17 PAGE 1   


C51 COMPILER V9.54, COMPILATION OF MODULE MAIN
OBJECT MODULE PLACED IN .\Objects\main.obj
COMPILER INVOKED BY: D:\keil5\C51\BIN\C51.EXE main.c OPTIMIZE(8,SPEED) BROWSE DEBUG OBJECTEXTEND PRINT(.\Listings\main.l
                    -st) TABS(2) OBJECT(.\Objects\main.obj)

line level    source

   1          #include <REGX52.H>
   2          #include "AT24C02.H"
   3          #include "Delay1ms.H"
   4          #include "Key.H"
   5          #include "LCD1602.H"
   6          
   7          unsigned char KeyNum;
   8          unsigned int Num;
   9          
  10          void main()
  11          {
  12   1        LCD_Init();
  13   1        LCD_ShowNum(1,1,Num,5);
  14   1        while(1)
  15   1        {
  16   2          KeyNum=Key();
  17   2          if(KeyNum==1) //K1按键，Num自增
  18   2          {
  19   3            Num++;
  20   3            LCD_ShowNum(1,1,Num,5);
  21   3          }
  22   2          if(KeyNum==2) //K2按键，Num自减
  23   2          {
  24   3            Num--;
  25   3            LCD_ShowNum(1,1,Num,5);
  26   3          }
  27   2          if(KeyNum==3) //K3按键，向AT24C02写入数据
  28   2          {
  29   3            AT24C02_WriteByte(0,Num%256);
  30   3            Delay1ms(5);
  31   3            AT24C02_WriteByte(1,Num/256);
  32   3            Delay1ms(5);
  33   3            LCD_ShowString(2,1,"Write OK");
  34   3            Delay1ms(1000);
  35   3            LCD_ShowString(2,1,"        ");
  36   3          }
  37   2          if(KeyNum==4) //K4按键，从AT24C02读取数据
  38   2          {
  39   3            Num=AT24C02_ReadByte(0);
  40   3            Num|=AT24C02_ReadByte(1)<<8;
  41   3            LCD_ShowNum(1,1,Num,5);
  42   3            LCD_ShowString(2,1,"Read OK ");
  43   3            Delay1ms(1000);
  44   3            LCD_ShowString(2,1,"        ");
  45   3          }
  46   2        }
  47   1      }


MODULE INFORMATION:   STATIC OVERLAYABLE
   CODE SIZE        =    223    ----
   CONSTANT SIZE    =     27    ----
   XDATA SIZE       =   ----    ----
   PDATA SIZE       =   ----    ----
C51 COMPILER V9.54   MAIN                                                                  08/31/2021 23:02:17 PAGE 2   

   DATA SIZE        =      3    ----
   IDATA SIZE       =   ----    ----
   BIT SIZE         =   ----    ----
END OF MODULE INFORMATION.


C51 COMPILATION COMPLETE.  0 WARNING(S),  0 ERROR(S)
